<?xml version="1.0" encoding="UTF-8"?>
<testng-results skipped="0" failed="0" ignored="1" total="2" passed="1">
  <reporter-output>
  </reporter-output>
  <suite name="Default suite" duration-ms="12540" started-at="2017-02-19T09:15:29Z" finished-at="2017-02-19T09:15:41Z">
    <groups>
    </groups>
    <test name="Default test" duration-ms="12540" started-at="2017-02-19T09:15:29Z" finished-at="2017-02-19T09:15:41Z">
      <class name="cleartriptest.Firstflow">
        <test-method status="PASS" signature="setup()[pri:0, instance:cleartriptest.Firstflow@8bd1b6a]" name="setup" is-config="true" duration-ms="2052" started-at="2017-02-19T14:45:29Z" finished-at="2017-02-19T14:45:31Z">
          <reporter-output>
          </reporter-output>
        </test-method> <!-- setup -->
        <test-method status="PASS" signature="testhomepage()[pri:0, instance:cleartriptest.Firstflow@8bd1b6a]" name="testhomepage" duration-ms="10464" started-at="2017-02-19T14:45:31Z" finished-at="2017-02-19T14:45:41Z">
          <reporter-output>
          </reporter-output>
        </test-method> <!-- testhomepage -->
        <test-method status="PASS" signature="teardown()[pri:0, instance:cleartriptest.Firstflow@8bd1b6a]" name="teardown" is-config="true" duration-ms="0" started-at="2017-02-19T14:45:41Z" finished-at="2017-02-19T14:45:41Z">
          <reporter-output>
          </reporter-output>
        </test-method> <!-- teardown -->
      </class> <!-- cleartriptest.Firstflow -->
    </test> <!-- Default test -->
  </suite> <!-- Default suite -->
</testng-results>
